<?xml version="1.0" encoding="UTF-8"?>
<testng-results ignored="0" total="1" passed="1" failed="0" skipped="0">
  <reporter-output>
  </reporter-output>
  <suite started-at="2022-07-07T09:24:09 GMT+05:30" name="Default suite" finished-at="2022-07-07T09:24:13 GMT+05:30" duration-ms="4584">
    <groups>
    </groups>
    <test started-at="2022-07-07T09:24:09 GMT+05:30" name="Default test" finished-at="2022-07-07T09:24:13 GMT+05:30" duration-ms="4584">
      <class name="bikegallery.biketest_prac">
        <test-method is-config="true" signature="beforeClass()[pri:0, instance:bikegallery.biketest_prac@32502377]" started-at="2022-07-07T09:24:09 GMT+05:30" name="beforeClass" finished-at="2022-07-07T09:24:09 GMT+05:30" duration-ms="10" status="PASS">
          <reporter-output>
          </reporter-output>
        </test-method> <!-- beforeClass -->
        <test-method is-config="true" signature="beforeMethod()[pri:0, instance:bikegallery.biketest_prac@32502377]" started-at="2022-07-07T09:24:09 GMT+05:30" name="beforeMethod" finished-at="2022-07-07T09:24:12 GMT+05:30" duration-ms="3362" status="PASS">
          <reporter-output>
          </reporter-output>
        </test-method> <!-- beforeMethod -->
        <test-method signature="login()[pri:0, instance:bikegallery.biketest_prac@32502377]" started-at="2022-07-07T09:24:12 GMT+05:30" name="login" finished-at="2022-07-07T09:24:13 GMT+05:30" duration-ms="1149" status="PASS">
          <reporter-output>
          </reporter-output>
        </test-method> <!-- login -->
        <test-method is-config="true" signature="afterMethod()[pri:0, instance:bikegallery.biketest_prac@32502377]" started-at="2022-07-07T09:24:13 GMT+05:30" name="afterMethod" finished-at="2022-07-07T09:24:13 GMT+05:30" duration-ms="0" status="PASS">
          <reporter-output>
          </reporter-output>
        </test-method> <!-- afterMethod -->
        <test-method is-config="true" signature="afterClass()[pri:0, instance:bikegallery.biketest_prac@32502377]" started-at="2022-07-07T09:24:13 GMT+05:30" name="afterClass" finished-at="2022-07-07T09:24:13 GMT+05:30" duration-ms="1" status="PASS">
          <reporter-output>
          </reporter-output>
        </test-method> <!-- afterClass -->
      </class> <!-- bikegallery.biketest_prac -->
    </test> <!-- Default test -->
  </suite> <!-- Default suite -->
</testng-results>
